<?xml version="1.0" encoding="UTF-8"?>
<testsuite xmlns:xsi="http://www.w3.org/2001/XMLSchema-instance" xsi:noNamespaceSchemaLocation="https://maven.apache.org/surefire/maven-surefire-plugin/xsd/surefire-test-report-3.0.xsd" version="3.0" name="br.edu.ifgoiano.arvoteBinaria.BinaryTreeTest" time="0.148" tests="10" errors="0" skipped="0" failures="3">
  <properties>
    <property name="java.specification.version" value="21"/>
    <property name="sun.cpu.isalist" value="amd64"/>
    <property name="sun.jnu.encoding" value="Cp1252"/>
    <property name="java.class.path" value="C:\Users\F9516635\Downloads\renato  gomide\ana\estruturadados2\demo\target\test-classes;C:\Users\F9516635\Downloads\renato  gomide\ana\estruturadados2\demo\target\classes;C:\Users\F9516635\.m2\repository\org\junit\jupiter\junit-jupiter\5.10.0\junit-jupiter-5.10.0.jar;C:\Users\F9516635\.m2\repository\org\junit\jupiter\junit-jupiter-api\5.10.0\junit-jupiter-api-5.10.0.jar;C:\Users\F9516635\.m2\repository\org\opentest4j\opentest4j\1.3.0\opentest4j-1.3.0.jar;C:\Users\F9516635\.m2\repository\org\junit\platform\junit-platform-commons\1.10.0\junit-platform-commons-1.10.0.jar;C:\Users\F9516635\.m2\repository\org\apiguardian\apiguardian-api\1.1.2\apiguardian-api-1.1.2.jar;C:\Users\F9516635\.m2\repository\org\junit\jupiter\junit-jupiter-params\5.10.0\junit-jupiter-params-5.10.0.jar;C:\Users\F9516635\.m2\repository\org\junit\jupiter\junit-jupiter-engine\5.10.0\junit-jupiter-engine-5.10.0.jar;C:\Users\F9516635\.m2\repository\org\junit\platform\junit-platform-engine\1.10.0\junit-platform-engine-1.10.0.jar;"/>
    <property name="java.vm.vendor" value="Oracle Corporation"/>
    <property name="sun.arch.data.model" value="64"/>
    <property name="user.variant" value=""/>
    <property name="java.vendor.url" value="https://java.oracle.com/"/>
    <property name="user.timezone" value="America/Sao_Paulo"/>
    <property name="os.name" value="Windows 11"/>
    <property name="java.vm.specification.version" value="21"/>
    <property name="sun.java.launcher" value="SUN_STANDARD"/>
    <property name="user.country" value="BR"/>
    <property name="sun.boot.library.path" value="C:\Users\F9516635\jdk\bin"/>
    <property name="sun.java.command" value="C:\Users\F9516635\AppData\Local\Temp\surefire8404937607475857107\surefirebooter-20250413185516749_3.jar C:\Users\F9516635\AppData\Local\Temp\surefire8404937607475857107 2025-04-13T18-55-16_525-jvmRun1 surefire-20250413185516749_1tmp surefire_0-20250413185516749_2tmp"/>
    <property name="jdk.debug" value="release"/>
    <property name="surefire.test.class.path" value="C:\Users\F9516635\Downloads\renato  gomide\ana\estruturadados2\demo\target\test-classes;C:\Users\F9516635\Downloads\renato  gomide\ana\estruturadados2\demo\target\classes;C:\Users\F9516635\.m2\repository\org\junit\jupiter\junit-jupiter\5.10.0\junit-jupiter-5.10.0.jar;C:\Users\F9516635\.m2\repository\org\junit\jupiter\junit-jupiter-api\5.10.0\junit-jupiter-api-5.10.0.jar;C:\Users\F9516635\.m2\repository\org\opentest4j\opentest4j\1.3.0\opentest4j-1.3.0.jar;C:\Users\F9516635\.m2\repository\org\junit\platform\junit-platform-commons\1.10.0\junit-platform-commons-1.10.0.jar;C:\Users\F9516635\.m2\repository\org\apiguardian\apiguardian-api\1.1.2\apiguardian-api-1.1.2.jar;C:\Users\F9516635\.m2\repository\org\junit\jupiter\junit-jupiter-params\5.10.0\junit-jupiter-params-5.10.0.jar;C:\Users\F9516635\.m2\repository\org\junit\jupiter\junit-jupiter-engine\5.10.0\junit-jupiter-engine-5.10.0.jar;C:\Users\F9516635\.m2\repository\org\junit\platform\junit-platform-engine\1.10.0\junit-platform-engine-1.10.0.jar;"/>
    <property name="sun.cpu.endian" value="little"/>
    <property name="user.home" value="C:\Users\F9516635"/>
    <property name="user.language" value="pt"/>
    <property name="java.specification.vendor" value="Oracle Corporation"/>
    <property name="java.version.date" value="2023-10-17"/>
    <property name="java.home" value="C:\Users\F9516635\jdk"/>
    <property name="file.separator" value="\"/>
    <property name="basedir" value="C:\Users\F9516635\Downloads\renato  gomide\ana\estruturadados2\demo"/>
    <property name="java.vm.compressedOopsMode" value="Zero based"/>
    <property name="line.separator" value="&#10;"/>
    <property name="java.vm.specification.vendor" value="Oracle Corporation"/>
    <property name="java.specification.name" value="Java Platform API Specification"/>
    <property name="surefire.real.class.path" value="C:\Users\F9516635\AppData\Local\Temp\surefire8404937607475857107\surefirebooter-20250413185516749_3.jar"/>
    <property name="user.script" value=""/>
    <property name="sun.management.compiler" value="HotSpot 64-Bit Tiered Compilers"/>
    <property name="java.runtime.version" value="21.0.1+12-LTS-29"/>
    <property name="user.name" value="F9516635"/>
    <property name="stdout.encoding" value="Cp1252"/>
    <property name="path.separator" value=";"/>
    <property name="os.version" value="10.0"/>
    <property name="java.runtime.name" value="Java(TM) SE Runtime Environment"/>
    <property name="file.encoding" value="UTF-8"/>
    <property name="java.vm.name" value="Java HotSpot(TM) 64-Bit Server VM"/>
    <property name="localRepository" value="C:\Users\F9516635\.m2\repository"/>
    <property name="java.vendor.url.bug" value="https://bugreport.java.com/bugreport/"/>
    <property name="java.io.tmpdir" value="C:\Users\F9516635\AppData\Local\Temp\"/>
    <property name="java.version" value="21.0.1"/>
    <property name="user.dir" value="C:\Users\F9516635\Downloads\renato  gomide\ana\estruturadados2\demo"/>
    <property name="os.arch" value="amd64"/>
    <property name="java.vm.specification.name" value="Java Virtual Machine Specification"/>
    <property name="sun.os.patch.level" value=""/>
    <property name="native.encoding" value="Cp1252"/>
    <property name="java.library.path" value="C:\Users\F9516635\jdk\bin;C:\WINDOWS\Sun\Java\bin;C:\WINDOWS\system32;C:\WINDOWS;C:\IBM\InformationServer11714/jdk32\jre\bin;C:\IBM\InformationServer11714/jdk32\jre\bin\j9vm;C:\IBM\InformationServer11714\ASBNode\lib\cpp;C:\IBM\InformationServer11714\ASBNode\apps\proxy\cpp\win32-all-x86;C:\Program Files\Common Files\Oracle\Java\javapath;C:\ProgramData\Oracle\Java\javapath;C:\WINDOWS\system32;C:\WINDOWS;C:\WINDOWS\System32\Wbem;C:\WINDOWS\System32\WindowsPowerShell\v1.0\;C:\WINDOWS\System32\OpenSSH\;C:\Program Files\dotnet\;C:\Program Files\Git\cmd;C:\Users\F9516635\jdk\bin;C:\Program Files\nodejs\;C:\Users\F9516635\AppData\Local\Programs\Python\Launcher\;C:\Users\F9516635\AppData\Local\Microsoft\WindowsApps;C:\Users\F9516635\AppData\Local\Programs\Microsoft VS Code\bin;C:\Users\F9516635\AppData\Local\atom\bin;C:\Program Files\JetBrains\IntelliJ IDEA Community Edition 2023.3.1\bin;;C:\Users\F9516635\AppData\Roaming\npm;C:\Users\F9516635\Maven\apache-maven-3.9.6\bin;;c:\Users\F9516635\AppData\Roaming\Code\User\globalStorage\github.copilot-chat\debugCommand;."/>
    <property name="java.vm.info" value="mixed mode, sharing"/>
    <property name="stderr.encoding" value="Cp1252"/>
    <property name="java.vendor" value="Oracle Corporation"/>
    <property name="java.vm.version" value="21.0.1+12-LTS-29"/>
    <property name="sun.io.unicode.encoding" value="UnicodeLittle"/>
    <property name="java.class.version" value="65.0"/>
  </properties>
  <testcase name="calculateNodeLevel" classname="br.edu.ifgoiano.arvoteBinaria.BinaryTreeTest" time="0.059"/>
  <testcase name="calculateTreeDepths" classname="br.edu.ifgoiano.arvoteBinaria.BinaryTreeTest" time="0.001"/>
  <testcase name="getAnElement" classname="br.edu.ifgoiano.arvoteBinaria.BinaryTreeTest" time="0.001"/>
  <testcase name="dontFindRequiredElement" classname="br.edu.ifgoiano.arvoteBinaria.BinaryTreeTest" time="0.001"/>
  <testcase name="performASetOfRemovals" classname="br.edu.ifgoiano.arvoteBinaria.BinaryTreeTest" time="0.01">
    <failure message="expected: &lt;root:37 (left:20 (left:10 (left:5)) (right:30)) (right:80 (right:100 (left:90) (right:180)))&gt; but was: &lt;root:37 (left:20 (left:10 (left:5 )right:30 )right:80 (right:100 (left:90 right:180 )))&gt;" type="org.opentest4j.AssertionFailedError"><![CDATA[org.opentest4j.AssertionFailedError: expected: <root:37 (left:20 (left:10 (left:5)) (right:30)) (right:80 (right:100 (left:90) (right:180)))> but was: <root:37 (left:20 (left:10 (left:5 )right:30 )right:80 (right:100 (left:90 right:180 )))>
	at org.junit.jupiter.api.AssertionFailureBuilder.build(AssertionFailureBuilder.java:151)
	at org.junit.jupiter.api.AssertionFailureBuilder.buildAndThrow(AssertionFailureBuilder.java:132)
	at org.junit.jupiter.api.AssertEquals.failNotEqual(AssertEquals.java:197)
	at org.junit.jupiter.api.AssertEquals.assertEquals(AssertEquals.java:182)
	at org.junit.jupiter.api.AssertEquals.assertEquals(AssertEquals.java:177)
	at org.junit.jupiter.api.Assertions.assertEquals(Assertions.java:1141)
	at br.edu.ifgoiano.arvoteBinaria.BinaryTreeTest.performASetOfRemovals(BinaryTreeTest.java:66)
	at java.base/java.lang.reflect.Method.invoke(Method.java:580)
	at java.base/java.util.ArrayList.forEach(ArrayList.java:1596)
	at java.base/java.util.ArrayList.forEach(ArrayList.java:1596)
]]></failure>
  </testcase>
  <testcase name="getFather" classname="br.edu.ifgoiano.arvoteBinaria.BinaryTreeTest" time="0.002"/>
  <testcase name="getBrother" classname="br.edu.ifgoiano.arvoteBinaria.BinaryTreeTest" time="0.001"/>
  <testcase name="createANewTree" classname="br.edu.ifgoiano.arvoteBinaria.BinaryTreeTest" time="0.003">
    <failure message="expected: &lt;root:6 (left:2 (left:1) (right:4 (left:3))) (right:8)&gt; but was: &lt;root:6 (left:2 (left:1 right:4 (left:3 ))right:8 )&gt;" type="org.opentest4j.AssertionFailedError"><![CDATA[org.opentest4j.AssertionFailedError: expected: <root:6 (left:2 (left:1) (right:4 (left:3))) (right:8)> but was: <root:6 (left:2 (left:1 right:4 (left:3 ))right:8 )>
	at org.junit.jupiter.api.AssertionFailureBuilder.build(AssertionFailureBuilder.java:151)
	at org.junit.jupiter.api.AssertionFailureBuilder.buildAndThrow(AssertionFailureBuilder.java:132)
	at org.junit.jupiter.api.AssertEquals.failNotEqual(AssertEquals.java:197)
	at org.junit.jupiter.api.AssertEquals.assertEquals(AssertEquals.java:182)
	at org.junit.jupiter.api.AssertEquals.assertEquals(AssertEquals.java:177)
	at org.junit.jupiter.api.Assertions.assertEquals(Assertions.java:1141)
	at br.edu.ifgoiano.arvoteBinaria.BinaryTreeTest.createANewTree(BinaryTreeTest.java:27)
	at java.base/java.lang.reflect.Method.invoke(Method.java:580)
	at java.base/java.util.ArrayList.forEach(ArrayList.java:1596)
	at java.base/java.util.ArrayList.forEach(ArrayList.java:1596)
]]></failure>
  </testcase>
  <testcase name="checkNodeDegree" classname="br.edu.ifgoiano.arvoteBinaria.BinaryTreeTest" time="0.002"/>
  <testcase name="performASetOfInsertions" classname="br.edu.ifgoiano.arvoteBinaria.BinaryTreeTest" time="0.003">
    <failure message="expected: &lt;root:6 (left:2) (right:8)&gt; but was: &lt;root:6 (left:2 right:8)&gt;" type="org.opentest4j.AssertionFailedError"><![CDATA[org.opentest4j.AssertionFailedError: expected: <root:6 (left:2) (right:8)> but was: <root:6 (left:2 right:8)>
	at org.junit.jupiter.api.AssertionFailureBuilder.build(AssertionFailureBuilder.java:151)
	at org.junit.jupiter.api.AssertionFailureBuilder.buildAndThrow(AssertionFailureBuilder.java:132)
	at org.junit.jupiter.api.AssertEquals.failNotEqual(AssertEquals.java:197)
	at org.junit.jupiter.api.AssertEquals.assertEquals(AssertEquals.java:182)
	at org.junit.jupiter.api.AssertEquals.assertEquals(AssertEquals.java:177)
	at org.junit.jupiter.api.Assertions.assertEquals(Assertions.java:1141)
	at br.edu.ifgoiano.arvoteBinaria.BinaryTreeTest.performASetOfInsertions(BinaryTreeTest.java:41)
	at java.base/java.lang.reflect.Method.invoke(Method.java:580)
	at java.base/java.util.ArrayList.forEach(ArrayList.java:1596)
	at java.base/java.util.ArrayList.forEach(ArrayList.java:1596)
]]></failure>
  </testcase>
</testsuite>