<?xml version="1.0" encoding="UTF-8"?>
<testsuite xmlns:xsi="http://www.w3.org/2001/XMLSchema-instance" xsi:noNamespaceSchemaLocation="https://maven.apache.org/surefire/maven-surefire-plugin/xsd/surefire-test-report-3.0.xsd" version="3.0" name="br.edu.ifgoiano.hashing.HashLinearProbTest" time="0.02" tests="4" errors="0" skipped="0" failures="0">
  <properties>
[...]
</properties>
  <testcase name="insertAndRemoveElements" classname="br.edu.ifgoiano.hashing.HashLinearProbTest" time="0.01"/>
  <testcase name="createANewHashTable" classname="br.edu.ifgoiano.hashing.HashLinearProbTest" time="0.001"/>
  <testcase name="findElements" classname="br.edu.ifgoiano.hashing.HashLinearProbTest" time="0.002"/>
  <testcase name="insertElements" classname="br.edu.ifgoiano.hashing.HashLinearProbTest" time="0.001"/>
</testsuite>