<?xml version="1.0" encoding="UTF-8"?>
<testsuite xmlns:xsi="http://www.w3.org/2001/XMLSchema-instance" xsi:noNamespaceSchemaLocation="https://maven.apache.org/surefire/maven-surefire-plugin/xsd/surefire-test-report-3.0.xsd" version="3.0" name="br.edu.ifgoiano.arvoteBinaria.BinaryTreeTest" time="0.148" tests="10" errors="0" skipped="0" failures="3">
  <properties>
[...]
</properties>
  <testcase name="calculateNodeLevel" classname="br.edu.ifgoiano.arvoteBinaria.BinaryTreeTest" time="0.059"/>
  <testcase name="calculateTreeDepths" classname="br.edu.ifgoiano.arvoteBinaria.BinaryTreeTest" time="0.001"/>
  <testcase name="getAnElement" classname="br.edu.ifgoiano.arvoteBinaria.BinaryTreeTest" time="0.001"/>
  <testcase name="dontFindRequiredElement" classname="br.edu.ifgoiano.arvoteBinaria.BinaryTreeTest" time="0.001"/>
  <testcase name="performASetOfRemovals" classname="br.edu.ifgoiano.arvoteBinaria.BinaryTreeTest" time="0.01">
    <failure message="expected: &lt;root:37 (left:20 (left:10 (left:5)) (right:30)) (right:80 (right:100 (left:90) (right:180)))&gt; but was: &lt;root:37 (left:20 (left:10 (left:5 )right:30 )right:80 (right:100 (left:90 right:180 )))&gt;" type="org.opentest4j.AssertionFailedError"><![CDATA[org.opentest4j.AssertionFailedError: expected: <root:37 (left:20 (left:10 (left:5)) (right:30)) (right:80 (right:100 (left:90) (right:180)))> but was: <root:37 (left:20 (left:10 (left:5 )right:30 )right:80 (right:100 (left:90 right:180 )))>
	at org.junit.jupiter.api.AssertionFailureBuilder.build(AssertionFailureBuilder.java:151)
	at org.junit.jupiter.api.AssertionFailureBuilder.buildAndThrow(AssertionFailureBuilder.java:132)
	at org.junit.jupiter.api.AssertEquals.failNotEqual(AssertEquals.java:197)
	at org.junit.jupiter.api.AssertEquals.assertEquals(AssertEquals.java:182)
	at org.junit.jupiter.api.AssertEquals.assertEquals(AssertEquals.java:177)
	at org.junit.jupiter.api.Assertions.assertEquals(Assertions.java:1141)
	at br.edu.ifgoiano.arvoteBinaria.BinaryTreeTest.performASetOfRemovals(BinaryTreeTest.java:66)
	at java.base/java.lang.reflect.Method.invoke(Method.java:580)
	at java.base/java.util.ArrayList.forEach(ArrayList.java:1596)
	at java.base/java.util.ArrayList.forEach(ArrayList.java:1596)
]]></failure>
  </testcase>
  <testcase name="getFather" classname="br.edu.ifgoiano.arvoteBinaria.BinaryTreeTest" time="0.002"/>
  <testcase name="getBrother" classname="br.edu.ifgoiano.arvoteBinaria.BinaryTreeTest" time="0.001"/>
  <testcase name="createANewTree" classname="br.edu.ifgoiano.arvoteBinaria.BinaryTreeTest" time="0.003">
    <failure message="expected: &lt;root:6 (left:2 (left:1) (right:4 (left:3))) (right:8)&gt; but was: &lt;root:6 (left:2 (left:1 right:4 (left:3 ))right:8 )&gt;" type="org.opentest4j.AssertionFailedError"><![CDATA[org.opentest4j.AssertionFailedError: expected: <root:6 (left:2 (left:1) (right:4 (left:3))) (right:8)> but was: <root:6 (left:2 (left:1 right:4 (left:3 ))right:8 )>
	at org.junit.jupiter.api.AssertionFailureBuilder.build(AssertionFailureBuilder.java:151)
	at org.junit.jupiter.api.AssertionFailureBuilder.buildAndThrow(AssertionFailureBuilder.java:132)
	at org.junit.jupiter.api.AssertEquals.failNotEqual(AssertEquals.java:197)
	at org.junit.jupiter.api.AssertEquals.assertEquals(AssertEquals.java:182)
	at org.junit.jupiter.api.AssertEquals.assertEquals(AssertEquals.java:177)
	at org.junit.jupiter.api.Assertions.assertEquals(Assertions.java:1141)
	at br.edu.ifgoiano.arvoteBinaria.BinaryTreeTest.createANewTree(BinaryTreeTest.java:27)
	at java.base/java.lang.reflect.Method.invoke(Method.java:580)
	at java.base/java.util.ArrayList.forEach(ArrayList.java:1596)
	at java.base/java.util.ArrayList.forEach(ArrayList.java:1596)
]]></failure>
  </testcase>
  <testcase name="checkNodeDegree" classname="br.edu.ifgoiano.arvoteBinaria.BinaryTreeTest" time="0.002"/>
  <testcase name="performASetOfInsertions" classname="br.edu.ifgoiano.arvoteBinaria.BinaryTreeTest" time="0.003">
    <failure message="expected: &lt;root:6 (left:2) (right:8)&gt; but was: &lt;root:6 (left:2 right:8)&gt;" type="org.opentest4j.AssertionFailedError"><![CDATA[org.opentest4j.AssertionFailedError: expected: <root:6 (left:2) (right:8)> but was: <root:6 (left:2 right:8)>
	at org.junit.jupiter.api.AssertionFailureBuilder.build(AssertionFailureBuilder.java:151)
	at org.junit.jupiter.api.AssertionFailureBuilder.buildAndThrow(AssertionFailureBuilder.java:132)
	at org.junit.jupiter.api.AssertEquals.failNotEqual(AssertEquals.java:197)
	at org.junit.jupiter.api.AssertEquals.assertEquals(AssertEquals.java:182)
	at org.junit.jupiter.api.AssertEquals.assertEquals(AssertEquals.java:177)
	at org.junit.jupiter.api.Assertions.assertEquals(Assertions.java:1141)
	at br.edu.ifgoiano.arvoteBinaria.BinaryTreeTest.performASetOfInsertions(BinaryTreeTest.java:41)
	at java.base/java.lang.reflect.Method.invoke(Method.java:580)
	at java.base/java.util.ArrayList.forEach(ArrayList.java:1596)
	at java.base/java.util.ArrayList.forEach(ArrayList.java:1596)
]]></failure>
  </testcase>
</testsuite>